<?xml version="1.0" encoding="UTF-8"?>
<coverage generated="1722420993980" clover="3.2.0">
  <project timestamp="1722420993980" name="All files">
    <metrics statements="159" coveredstatements="157" conditionals="46" coveredconditionals="44" methods="15" coveredmethods="15" elements="220" coveredelements="216" complexity="0" loc="159" ncloc="159" packages="3" files="8" classes="8"/>
    <package name="frontend-project-46">
      <metrics statements="3" coveredstatements="3" conditionals="0" coveredconditionals="0" methods="0" coveredmethods="0"/>
      <file name="index.js" path="/home/kurama/frontend-project-46/index.js">
        <metrics statements="3" coveredstatements="3" conditionals="0" coveredconditionals="0" methods="0" coveredmethods="0"/>
        <line num="1" count="1" type="stmt"/>
        <line num="2" count="1" type="stmt"/>
        <line num="3" count="1" type="stmt"/>
      </file>
    </package>
    <package name="frontend-project-46.src">
      <metrics statements="64" coveredstatements="64" conditionals="16" coveredconditionals="16" methods="6" coveredmethods="6"/>
      <file name="genDiff.js" path="/home/kurama/frontend-project-46/src/genDiff.js">
        <metrics statements="10" coveredstatements="10" conditionals="1" coveredconditionals="1" methods="1" coveredmethods="1"/>
        <line num="1" count="1" type="stmt"/>
        <line num="2" count="1" type="stmt"/>
        <line num="3" count="1" type="stmt"/>
        <line num="4" count="1" type="stmt"/>
        <line num="5" count="1" type="cond" truecount="1" falsecount="0"/>
        <line num="6" count="4" type="stmt"/>
        <line num="7" count="4" type="stmt"/>
        <line num="8" count="4" type="stmt"/>
        <line num="9" count="4" type="stmt"/>
        <line num="10" count="4" type="stmt"/>
      </file>
      <file name="parse.js" path="/home/kurama/frontend-project-46/src/parse.js">
        <metrics statements="23" coveredstatements="23" conditionals="4" coveredconditionals="4" methods="4" coveredmethods="4"/>
        <line num="1" count="1" type="stmt"/>
        <line num="2" count="1" type="stmt"/>
        <line num="3" count="1" type="stmt"/>
        <line num="4" count="1" type="stmt"/>
        <line num="5" count="1" type="cond" truecount="1" falsecount="0"/>
        <line num="6" count="1" type="stmt"/>
        <line num="7" count="1" type="cond" truecount="1" falsecount="0"/>
        <line num="8" count="1" type="stmt"/>
        <line num="9" count="1" type="cond" truecount="1" falsecount="0"/>
        <line num="10" count="1" type="stmt"/>
        <line num="11" count="1" type="stmt"/>
        <line num="12" count="1" type="stmt"/>
        <line num="13" count="1" type="stmt"/>
        <line num="14" count="1" type="stmt"/>
        <line num="15" count="1" type="stmt"/>
        <line num="16" count="1" type="stmt"/>
        <line num="17" count="1" type="cond" truecount="1" falsecount="0"/>
        <line num="18" count="8" type="stmt"/>
        <line num="19" count="8" type="stmt"/>
        <line num="20" count="8" type="stmt"/>
        <line num="21" count="8" type="stmt"/>
        <line num="22" count="1" type="stmt"/>
        <line num="23" count="1" type="stmt"/>
      </file>
      <file name="treeBuilder.js" path="/home/kurama/frontend-project-46/src/treeBuilder.js">
        <metrics statements="31" coveredstatements="31" conditionals="11" coveredconditionals="11" methods="1" coveredmethods="1"/>
        <line num="1" count="1" type="stmt"/>
        <line num="2" count="1" type="stmt"/>
        <line num="3" count="1" type="cond" truecount="1" falsecount="0"/>
        <line num="4" count="20" type="stmt"/>
        <line num="5" count="20" type="stmt"/>
        <line num="6" count="20" type="stmt"/>
        <line num="7" count="20" type="cond" truecount="1" falsecount="0"/>
        <line num="8" count="72" type="cond" truecount="2" falsecount="0"/>
        <line num="9" count="16" type="stmt"/>
        <line num="10" count="16" type="stmt"/>
        <line num="11" count="16" type="stmt"/>
        <line num="12" count="16" type="stmt"/>
        <line num="13" count="16" type="stmt"/>
        <line num="14" count="72" type="cond" truecount="2" falsecount="0"/>
        <line num="15" count="20" type="stmt"/>
        <line num="16" count="72" type="cond" truecount="2" falsecount="0"/>
        <line num="17" count="8" type="stmt"/>
        <line num="18" count="72" type="cond" truecount="2" falsecount="0"/>
        <line num="19" count="16" type="stmt"/>
        <line num="20" count="16" type="stmt"/>
        <line num="21" count="16" type="stmt"/>
        <line num="22" count="16" type="stmt"/>
        <line num="23" count="16" type="stmt"/>
        <line num="24" count="16" type="stmt"/>
        <line num="25" count="16" type="cond" truecount="1" falsecount="0"/>
        <line num="26" count="12" type="stmt"/>
        <line num="27" count="20" type="stmt"/>
        <line num="28" count="20" type="stmt"/>
        <line num="29" count="20" type="stmt"/>
        <line num="30" count="20" type="stmt"/>
        <line num="31" count="1" type="stmt"/>
      </file>
    </package>
    <package name="frontend-project-46.src.formatters">
      <metrics statements="92" coveredstatements="90" conditionals="30" coveredconditionals="28" methods="9" coveredmethods="9"/>
      <file name="index.js" path="/home/kurama/frontend-project-46/src/formatters/index.js">
        <metrics statements="12" coveredstatements="12" conditionals="1" coveredconditionals="1" methods="1" coveredmethods="1"/>
        <line num="1" count="1" type="stmt"/>
        <line num="2" count="1" type="stmt"/>
        <line num="3" count="1" type="stmt"/>
        <line num="4" count="1" type="stmt"/>
        <line num="5" count="1" type="stmt"/>
        <line num="6" count="1" type="stmt"/>
        <line num="7" count="1" type="stmt"/>
        <line num="8" count="1" type="stmt"/>
        <line num="9" count="1" type="stmt"/>
        <line num="10" count="1" type="stmt"/>
        <line num="11" count="1" type="cond" truecount="1" falsecount="0"/>
        <line num="12" count="1" type="stmt"/>
      </file>
      <file name="jsonFormat.js" path="/home/kurama/frontend-project-46/src/formatters/jsonFormat.js">
        <metrics statements="3" coveredstatements="3" conditionals="1" coveredconditionals="1" methods="1" coveredmethods="1"/>
        <line num="1" count="1" type="cond" truecount="1" falsecount="0"/>
        <line num="2" count="1" type="stmt"/>
        <line num="3" count="1" type="stmt"/>
      </file>
      <file name="plainFormat.js" path="/home/kurama/frontend-project-46/src/formatters/plainFormat.js">
        <metrics statements="37" coveredstatements="36" conditionals="14" coveredconditionals="13" methods="3" coveredmethods="3"/>
        <line num="1" count="1" type="stmt"/>
        <line num="2" count="1" type="stmt"/>
        <line num="3" count="1" type="cond" truecount="1" falsecount="0"/>
        <line num="4" count="13" type="cond" truecount="1" falsecount="0"/>
        <line num="5" count="3" type="stmt"/>
        <line num="6" count="3" type="cond" truecount="1" falsecount="0"/>
        <line num="7" count="13" type="cond" truecount="1" falsecount="0"/>
        <line num="8" count="7" type="stmt"/>
        <line num="9" count="7" type="cond" truecount="1" falsecount="0"/>
        <line num="10" count="3" type="stmt"/>
        <line num="11" count="3" type="stmt"/>
        <line num="12" count="1" type="cond" truecount="1" falsecount="0"/>
        <line num="13" count="1" type="cond" truecount="1" falsecount="0"/>
        <line num="14" count="5" type="stmt"/>
        <line num="15" count="5" type="cond" truecount="1" falsecount="0"/>
        <line num="16" count="5" type="cond" truecount="1" falsecount="0"/>
        <line num="17" count="15" type="stmt"/>
        <line num="18" count="15" type="stmt"/>
        <line num="19" count="15" type="cond" truecount="1" falsecount="0"/>
        <line num="20" count="5" type="stmt"/>
        <line num="21" count="15" type="cond" truecount="1" falsecount="0"/>
        <line num="22" count="2" type="stmt"/>
        <line num="23" count="15" type="cond" truecount="1" falsecount="0"/>
        <line num="24" count="4" type="stmt"/>
        <line num="25" count="15" type="cond" truecount="1" falsecount="0"/>
        <line num="26" count="4" type="stmt"/>
        <line num="27" count="15" type="cond" truecount="0" falsecount="1"/>
        <line num="28" count="0" type="stmt"/>
        <line num="29" count="15" type="stmt"/>
        <line num="30" count="5" type="stmt"/>
        <line num="31" count="5" type="stmt"/>
        <line num="32" count="1" type="stmt"/>
        <line num="33" count="1" type="stmt"/>
        <line num="34" count="1" type="stmt"/>
        <line num="35" count="1" type="stmt"/>
        <line num="36" count="1" type="stmt"/>
        <line num="37" count="1" type="stmt"/>
      </file>
      <file name="stylishFormat.js" path="/home/kurama/frontend-project-46/src/formatters/stylishFormat.js">
        <metrics statements="40" coveredstatements="39" conditionals="14" coveredconditionals="13" methods="4" coveredmethods="4"/>
        <line num="1" count="1" type="stmt"/>
        <line num="2" count="1" type="stmt"/>
        <line num="3" count="1" type="cond" truecount="1" falsecount="0"/>
        <line num="4" count="54" type="cond" truecount="1" falsecount="0"/>
        <line num="5" count="54" type="stmt"/>
        <line num="6" count="54" type="cond" truecount="1" falsecount="0"/>
        <line num="7" count="40" type="stmt"/>
        <line num="8" count="40" type="cond" truecount="1" falsecount="0"/>
        <line num="9" count="14" type="stmt"/>
        <line num="10" count="14" type="cond" truecount="1" falsecount="0"/>
        <line num="11" count="14" type="stmt"/>
        <line num="12" count="54" type="stmt"/>
        <line num="13" count="54" type="stmt"/>
        <line num="14" count="54" type="stmt"/>
        <line num="15" count="1" type="cond" truecount="1" falsecount="0"/>
        <line num="16" count="2" type="cond" truecount="1" falsecount="0"/>
        <line num="17" count="10" type="stmt"/>
        <line num="18" count="10" type="stmt"/>
        <line num="19" count="10" type="cond" truecount="1" falsecount="0"/>
        <line num="20" count="36" type="stmt"/>
        <line num="21" count="36" type="cond" truecount="1" falsecount="0"/>
        <line num="22" count="4" type="stmt"/>
        <line num="23" count="36" type="cond" truecount="1" falsecount="0"/>
        <line num="24" count="10" type="stmt"/>
        <line num="25" count="36" type="cond" truecount="1" falsecount="0"/>
        <line num="26" count="6" type="stmt"/>
        <line num="27" count="36" type="cond" truecount="1" falsecount="0"/>
        <line num="28" count="8" type="stmt"/>
        <line num="29" count="36" type="cond" truecount="1" falsecount="0"/>
        <line num="30" count="8" type="stmt"/>
        <line num="31" count="36" type="cond" truecount="0" falsecount="1"/>
        <line num="32" count="0" type="stmt"/>
        <line num="33" count="36" type="stmt"/>
        <line num="34" count="10" type="stmt"/>
        <line num="35" count="10" type="stmt"/>
        <line num="36" count="2" type="stmt"/>
        <line num="37" count="2" type="stmt"/>
        <line num="38" count="2" type="stmt"/>
        <line num="39" count="1" type="stmt"/>
        <line num="40" count="1" type="stmt"/>
      </file>
    </package>
  </project>
</coverage>
