{"/home/kurama/frontend-project-46/index.js": {"path":"/home/kurama/frontend-project-46/index.js","all":false,"statementMap":{"0":{"start":{"line":1,"column":0},"end":{"line":1,"column":39}},"1":{"start":{"line":2,"column":0},"end":{"line":2,"column":0}},"2":{"start":{"line":3,"column":0},"end":{"line":3,"column":23}}},"s":{"0":1,"1":1,"2":1},"branchMap":{},"b":{},"fnMap":{},"f":{}}
,"/home/kurama/frontend-project-46/src/genDiff.js": {"path":"/home/kurama/frontend-project-46/src/genDiff.js","all":false,"statementMap":{"0":{"start":{"line":1,"column":0},"end":{"line":1,"column":46}},"1":{"start":{"line":2,"column":0},"end":{"line":2,"column":31}},"2":{"start":{"line":3,"column":0},"end":{"line":3,"column":41}},"3":{"start":{"line":4,"column":0},"end":{"line":4,"column":0}},"4":{"start":{"line":5,"column":0},"end":{"line":5,"column":62}},"5":{"start":{"line":6,"column":0},"end":{"line":6,"column":33}},"6":{"start":{"line":7,"column":0},"end":{"line":7,"column":33}},"7":{"start":{"line":8,"column":0},"end":{"line":8,"column":39}},"8":{"start":{"line":9,"column":0},"end":{"line":9,"column":33}},"9":{"start":{"line":10,"column":0},"end":{"line":10,"column":2}}},"s":{"0":1,"1":1,"2":1,"3":1,"4":1,"5":4,"6":4,"7":4,"8":4,"9":4},"branchMap":{"0":{"type":"branch","line":5,"loc":{"start":{"line":5,"column":15},"end":{"line":10,"column":2}},"locations":[{"start":{"line":5,"column":15},"end":{"line":10,"column":2}}]}},"b":{"0":[4]},"fnMap":{"0":{"name":"default","decl":{"start":{"line":5,"column":15},"end":{"line":10,"column":2}},"loc":{"start":{"line":5,"column":15},"end":{"line":10,"column":2}},"line":5}},"f":{"0":4}}
,"/home/kurama/frontend-project-46/src/parse.js": {"path":"/home/kurama/frontend-project-46/src/parse.js","all":false,"statementMap":{"0":{"start":{"line":1,"column":0},"end":{"line":1,"column":24}},"1":{"start":{"line":2,"column":0},"end":{"line":2,"column":27}},"2":{"start":{"line":3,"column":0},"end":{"line":3,"column":20}},"3":{"start":{"line":4,"column":0},"end":{"line":4,"column":0}},"4":{"start":{"line":5,"column":0},"end":{"line":5,"column":72}},"5":{"start":{"line":6,"column":0},"end":{"line":6,"column":0}},"6":{"start":{"line":7,"column":0},"end":{"line":7,"column":72}},"7":{"start":{"line":8,"column":0},"end":{"line":8,"column":0}},"8":{"start":{"line":9,"column":0},"end":{"line":9,"column":78}},"9":{"start":{"line":10,"column":0},"end":{"line":10,"column":0}},"10":{"start":{"line":11,"column":0},"end":{"line":11,"column":17}},"11":{"start":{"line":12,"column":0},"end":{"line":12,"column":19}},"12":{"start":{"line":13,"column":0},"end":{"line":13,"column":18}},"13":{"start":{"line":14,"column":0},"end":{"line":14,"column":17}},"14":{"start":{"line":15,"column":0},"end":{"line":15,"column":2}},"15":{"start":{"line":16,"column":0},"end":{"line":16,"column":0}},"16":{"start":{"line":17,"column":0},"end":{"line":17,"column":29}},"17":{"start":{"line":18,"column":0},"end":{"line":18,"column":33}},"18":{"start":{"line":19,"column":0},"end":{"line":19,"column":45}},"19":{"start":{"line":20,"column":0},"end":{"line":20,"column":31}},"20":{"start":{"line":21,"column":0},"end":{"line":21,"column":2}},"21":{"start":{"line":22,"column":0},"end":{"line":22,"column":0}},"22":{"start":{"line":23,"column":0},"end":{"line":23,"column":21}}},"s":{"0":1,"1":1,"2":1,"3":1,"4":1,"5":1,"6":1,"7":1,"8":1,"9":1,"10":1,"11":1,"12":1,"13":1,"14":1,"15":1,"16":1,"17":8,"18":8,"19":8,"20":8,"21":1,"22":1},"branchMap":{"0":{"type":"branch","line":5,"loc":{"start":{"line":5,"column":21},"end":{"line":5,"column":71}},"locations":[{"start":{"line":5,"column":21},"end":{"line":5,"column":71}}]},"1":{"type":"branch","line":7,"loc":{"start":{"line":7,"column":27},"end":{"line":7,"column":71}},"locations":[{"start":{"line":7,"column":27},"end":{"line":7,"column":71}}]},"2":{"type":"branch","line":9,"loc":{"start":{"line":9,"column":17},"end":{"line":9,"column":77}},"locations":[{"start":{"line":9,"column":17},"end":{"line":9,"column":77}}]},"3":{"type":"branch","line":17,"loc":{"start":{"line":17,"column":15},"end":{"line":21,"column":2}},"locations":[{"start":{"line":17,"column":15},"end":{"line":21,"column":2}}]}},"b":{"0":[8],"1":[8],"2":[8],"3":[8]},"fnMap":{"0":{"name":"getFullPath","decl":{"start":{"line":5,"column":21},"end":{"line":5,"column":71}},"loc":{"start":{"line":5,"column":21},"end":{"line":5,"column":71}},"line":5},"1":{"name":"extractFileFormat","decl":{"start":{"line":7,"column":27},"end":{"line":7,"column":71}},"loc":{"start":{"line":7,"column":27},"end":{"line":7,"column":71}},"line":7},"2":{"name":"getData","decl":{"start":{"line":9,"column":17},"end":{"line":9,"column":77}},"loc":{"start":{"line":9,"column":17},"end":{"line":9,"column":77}},"line":9},"3":{"name":"parse","decl":{"start":{"line":17,"column":15},"end":{"line":21,"column":2}},"loc":{"start":{"line":17,"column":15},"end":{"line":21,"column":2}},"line":17}},"f":{"0":8,"1":8,"2":8,"3":8}}
,"/home/kurama/frontend-project-46/src/treeBuilder.js": {"path":"/home/kurama/frontend-project-46/src/treeBuilder.js","all":false,"statementMap":{"0":{"start":{"line":1,"column":0},"end":{"line":1,"column":23}},"1":{"start":{"line":2,"column":0},"end":{"line":2,"column":0}},"2":{"start":{"line":3,"column":0},"end":{"line":3,"column":37}},"3":{"start":{"line":4,"column":0},"end":{"line":4,"column":35}},"4":{"start":{"line":5,"column":0},"end":{"line":5,"column":35}},"5":{"start":{"line":6,"column":0},"end":{"line":6,"column":44}},"6":{"start":{"line":7,"column":0},"end":{"line":7,"column":51}},"7":{"start":{"line":8,"column":0},"end":{"line":8,"column":59}},"8":{"start":{"line":9,"column":0},"end":{"line":9,"column":23}},"9":{"start":{"line":10,"column":0},"end":{"line":10,"column":12}},"10":{"start":{"line":11,"column":0},"end":{"line":11,"column":49}},"11":{"start":{"line":12,"column":0},"end":{"line":12,"column":25}},"12":{"start":{"line":13,"column":0},"end":{"line":13,"column":9}},"13":{"start":{"line":14,"column":0},"end":{"line":14,"column":39}},"14":{"start":{"line":15,"column":0},"end":{"line":15,"column":67}},"15":{"start":{"line":16,"column":0},"end":{"line":16,"column":39}},"16":{"start":{"line":17,"column":0},"end":{"line":17,"column":69}},"17":{"start":{"line":18,"column":0},"end":{"line":18,"column":38}},"18":{"start":{"line":19,"column":0},"end":{"line":19,"column":23}},"19":{"start":{"line":20,"column":0},"end":{"line":20,"column":12}},"20":{"start":{"line":21,"column":0},"end":{"line":21,"column":29}},"21":{"start":{"line":22,"column":0},"end":{"line":22,"column":29}},"22":{"start":{"line":23,"column":0},"end":{"line":23,"column":26}},"23":{"start":{"line":24,"column":0},"end":{"line":24,"column":9}},"24":{"start":{"line":25,"column":0},"end":{"line":25,"column":5}},"25":{"start":{"line":26,"column":0},"end":{"line":26,"column":69}},"26":{"start":{"line":27,"column":0},"end":{"line":27,"column":9}},"27":{"start":{"line":28,"column":0},"end":{"line":28,"column":41}},"28":{"start":{"line":29,"column":0},"end":{"line":29,"column":14}},"29":{"start":{"line":30,"column":0},"end":{"line":30,"column":2}},"30":{"start":{"line":31,"column":0},"end":{"line":31,"column":25}}},"s":{"0":1,"1":1,"2":1,"3":20,"4":20,"5":20,"6":20,"7":72,"8":16,"9":16,"10":16,"11":16,"12":16,"13":72,"14":20,"15":72,"16":8,"17":72,"18":16,"19":16,"20":16,"21":16,"22":16,"23":16,"24":16,"25":12,"26":20,"27":20,"28":20,"29":20,"30":1},"branchMap":{"0":{"type":"branch","line":3,"loc":{"start":{"line":3,"column":18},"end":{"line":30,"column":2}},"locations":[{"start":{"line":3,"column":18},"end":{"line":30,"column":2}}]},"1":{"type":"branch","line":7,"loc":{"start":{"line":7,"column":36},"end":{"line":27,"column":3}},"locations":[{"start":{"line":7,"column":36},"end":{"line":27,"column":3}}]},"2":{"type":"branch","line":8,"loc":{"start":{"line":8,"column":30},"end":{"line":8,"column":56}},"locations":[{"start":{"line":8,"column":30},"end":{"line":8,"column":56}}]},"3":{"type":"branch","line":8,"loc":{"start":{"line":8,"column":58},"end":{"line":14,"column":6}},"locations":[{"start":{"line":8,"column":58},"end":{"line":14,"column":6}}]},"4":{"type":"branch","line":14,"loc":{"start":{"line":14,"column":4},"end":{"line":14,"column":38}},"locations":[{"start":{"line":14,"column":4},"end":{"line":14,"column":38}}]},"5":{"type":"branch","line":14,"loc":{"start":{"line":14,"column":38},"end":{"line":16,"column":6}},"locations":[{"start":{"line":14,"column":38},"end":{"line":16,"column":6}}]},"6":{"type":"branch","line":16,"loc":{"start":{"line":16,"column":4},"end":{"line":16,"column":38}},"locations":[{"start":{"line":16,"column":4},"end":{"line":16,"column":38}}]},"7":{"type":"branch","line":16,"loc":{"start":{"line":16,"column":38},"end":{"line":18,"column":6}},"locations":[{"start":{"line":16,"column":38},"end":{"line":18,"column":6}}]},"8":{"type":"branch","line":18,"loc":{"start":{"line":18,"column":4},"end":{"line":18,"column":37}},"locations":[{"start":{"line":18,"column":4},"end":{"line":18,"column":37}}]},"9":{"type":"branch","line":18,"loc":{"start":{"line":18,"column":37},"end":{"line":25,"column":5}},"locations":[{"start":{"line":18,"column":37},"end":{"line":25,"column":5}}]},"10":{"type":"branch","line":25,"loc":{"start":{"line":25,"column":4},"end":{"line":27,"column":3}},"locations":[{"start":{"line":25,"column":4},"end":{"line":27,"column":3}}]}},"b":{"0":[20],"1":[72],"2":[24],"3":[16],"4":[56],"5":[20],"6":[36],"7":[8],"8":[28],"9":[16],"10":[12]},"fnMap":{"0":{"name":"buildTree","decl":{"start":{"line":3,"column":18},"end":{"line":30,"column":2}},"loc":{"start":{"line":3,"column":18},"end":{"line":30,"column":2}},"line":3}},"f":{"0":20}}
,"/home/kurama/frontend-project-46/src/formatters/index.js": {"path":"/home/kurama/frontend-project-46/src/formatters/index.js","all":false,"statementMap":{"0":{"start":{"line":1,"column":0},"end":{"line":1,"column":37}},"1":{"start":{"line":2,"column":0},"end":{"line":2,"column":41}},"2":{"start":{"line":3,"column":0},"end":{"line":3,"column":41}},"3":{"start":{"line":4,"column":0},"end":{"line":4,"column":0}},"4":{"start":{"line":5,"column":0},"end":{"line":5,"column":20}},"5":{"start":{"line":6,"column":0},"end":{"line":6,"column":8}},"6":{"start":{"line":7,"column":0},"end":{"line":7,"column":10}},"7":{"start":{"line":8,"column":0},"end":{"line":8,"column":19}},"8":{"start":{"line":9,"column":0},"end":{"line":9,"column":2}},"9":{"start":{"line":10,"column":0},"end":{"line":10,"column":0}},"10":{"start":{"line":11,"column":0},"end":{"line":11,"column":59}},"11":{"start":{"line":12,"column":0},"end":{"line":12,"column":25}}},"s":{"0":1,"1":1,"2":1,"3":1,"4":1,"5":1,"6":1,"7":1,"8":1,"9":1,"10":1,"11":1},"branchMap":{"0":{"type":"branch","line":11,"loc":{"start":{"line":11,"column":18},"end":{"line":11,"column":58}},"locations":[{"start":{"line":11,"column":18},"end":{"line":11,"column":58}}]}},"b":{"0":[4]},"fnMap":{"0":{"name":"formatter","decl":{"start":{"line":11,"column":18},"end":{"line":11,"column":58}},"loc":{"start":{"line":11,"column":18},"end":{"line":11,"column":58}},"line":11}},"f":{"0":4}}
,"/home/kurama/frontend-project-46/src/formatters/jsonFormat.js": {"path":"/home/kurama/frontend-project-46/src/formatters/jsonFormat.js","all":false,"statementMap":{"0":{"start":{"line":1,"column":0},"end":{"line":1,"column":48}},"1":{"start":{"line":2,"column":0},"end":{"line":2,"column":0}},"2":{"start":{"line":3,"column":0},"end":{"line":3,"column":26}}},"s":{"0":1,"1":1,"2":1},"branchMap":{"0":{"type":"branch","line":1,"loc":{"start":{"line":1,"column":20},"end":{"line":1,"column":47}},"locations":[{"start":{"line":1,"column":20},"end":{"line":1,"column":47}}]}},"b":{"0":[1]},"fnMap":{"0":{"name":"jsonFormat","decl":{"start":{"line":1,"column":20},"end":{"line":1,"column":47}},"loc":{"start":{"line":1,"column":20},"end":{"line":1,"column":47}},"line":1}},"f":{"0":1}}
,"/home/kurama/frontend-project-46/src/formatters/plainFormat.js": {"path":"/home/kurama/frontend-project-46/src/formatters/plainFormat.js","all":false,"statementMap":{"0":{"start":{"line":1,"column":0},"end":{"line":1,"column":23}},"1":{"start":{"line":2,"column":0},"end":{"line":2,"column":0}},"2":{"start":{"line":3,"column":0},"end":{"line":3,"column":30}},"3":{"start":{"line":4,"column":0},"end":{"line":4,"column":26}},"4":{"start":{"line":5,"column":0},"end":{"line":5,"column":29}},"5":{"start":{"line":6,"column":0},"end":{"line":6,"column":3}},"6":{"start":{"line":7,"column":0},"end":{"line":7,"column":34}},"7":{"start":{"line":8,"column":0},"end":{"line":8,"column":24}},"8":{"start":{"line":9,"column":0},"end":{"line":9,"column":3}},"9":{"start":{"line":10,"column":0},"end":{"line":10,"column":15}},"10":{"start":{"line":11,"column":0},"end":{"line":11,"column":2}},"11":{"start":{"line":12,"column":0},"end":{"line":12,"column":25}},"12":{"start":{"line":13,"column":0},"end":{"line":13,"column":38}},"13":{"start":{"line":14,"column":0},"end":{"line":14,"column":23}},"14":{"start":{"line":15,"column":0},"end":{"line":15,"column":48}},"15":{"start":{"line":16,"column":0},"end":{"line":16,"column":20}},"16":{"start":{"line":17,"column":0},"end":{"line":17,"column":42}},"17":{"start":{"line":18,"column":0},"end":{"line":18,"column":28}},"18":{"start":{"line":19,"column":0},"end":{"line":19,"column":23}},"19":{"start":{"line":20,"column":0},"end":{"line":20,"column":86}},"20":{"start":{"line":21,"column":0},"end":{"line":21,"column":25}},"21":{"start":{"line":22,"column":0},"end":{"line":22,"column":53}},"22":{"start":{"line":23,"column":0},"end":{"line":23,"column":25}},"23":{"start":{"line":24,"column":0},"end":{"line":24,"column":114}},"24":{"start":{"line":25,"column":0},"end":{"line":25,"column":24}},"25":{"start":{"line":26,"column":0},"end":{"line":26,"column":47}},"26":{"start":{"line":27,"column":0},"end":{"line":27,"column":18}},"27":{"start":{"line":28,"column":0},"end":{"line":28,"column":61}},"28":{"start":{"line":29,"column":0},"end":{"line":29,"column":9}},"29":{"start":{"line":30,"column":0},"end":{"line":30,"column":9}},"30":{"start":{"line":31,"column":0},"end":{"line":31,"column":29}},"31":{"start":{"line":32,"column":0},"end":{"line":32,"column":4}},"32":{"start":{"line":33,"column":0},"end":{"line":33,"column":0}},"33":{"start":{"line":34,"column":0},"end":{"line":34,"column":20}},"34":{"start":{"line":35,"column":0},"end":{"line":35,"column":2}},"35":{"start":{"line":36,"column":0},"end":{"line":36,"column":0}},"36":{"start":{"line":37,"column":0},"end":{"line":37,"column":21}}},"s":{"0":1,"1":1,"2":1,"3":13,"4":3,"5":3,"6":13,"7":7,"8":7,"9":3,"10":3,"11":1,"12":1,"13":5,"14":5,"15":5,"16":15,"17":15,"18":15,"19":5,"20":15,"21":2,"22":15,"23":4,"24":15,"25":4,"26":15,"27":0,"28":15,"29":5,"30":5,"31":1,"32":1,"33":1,"34":1,"35":1,"36":1},"branchMap":{"0":{"type":"branch","line":3,"loc":{"start":{"line":3,"column":19},"end":{"line":11,"column":2}},"locations":[{"start":{"line":3,"column":19},"end":{"line":11,"column":2}}]},"1":{"type":"branch","line":4,"loc":{"start":{"line":4,"column":25},"end":{"line":6,"column":3}},"locations":[{"start":{"line":4,"column":25},"end":{"line":6,"column":3}}]},"2":{"type":"branch","line":6,"loc":{"start":{"line":6,"column":2},"end":{"line":7,"column":33}},"locations":[{"start":{"line":6,"column":2},"end":{"line":7,"column":33}}]},"3":{"type":"branch","line":7,"loc":{"start":{"line":7,"column":33},"end":{"line":9,"column":3}},"locations":[{"start":{"line":7,"column":33},"end":{"line":9,"column":3}}]},"4":{"type":"branch","line":9,"loc":{"start":{"line":9,"column":2},"end":{"line":11,"column":2}},"locations":[{"start":{"line":9,"column":2},"end":{"line":11,"column":2}}]},"5":{"type":"branch","line":12,"loc":{"start":{"line":12,"column":15},"end":{"line":35,"column":2}},"locations":[{"start":{"line":12,"column":15},"end":{"line":35,"column":2}}]},"6":{"type":"branch","line":13,"loc":{"start":{"line":13,"column":15},"end":{"line":32,"column":3}},"locations":[{"start":{"line":13,"column":15},"end":{"line":32,"column":3}}]},"7":{"type":"branch","line":15,"loc":{"start":{"line":15,"column":15},"end":{"line":15,"column":47}},"locations":[{"start":{"line":15,"column":15},"end":{"line":15,"column":47}}]},"8":{"type":"branch","line":16,"loc":{"start":{"line":16,"column":12},"end":{"line":30,"column":7}},"locations":[{"start":{"line":16,"column":12},"end":{"line":30,"column":7}}]},"9":{"type":"branch","line":19,"loc":{"start":{"line":19,"column":10},"end":{"line":20,"column":86}},"locations":[{"start":{"line":19,"column":10},"end":{"line":20,"column":86}}]},"10":{"type":"branch","line":21,"loc":{"start":{"line":21,"column":10},"end":{"line":22,"column":53}},"locations":[{"start":{"line":21,"column":10},"end":{"line":22,"column":53}}]},"11":{"type":"branch","line":23,"loc":{"start":{"line":23,"column":10},"end":{"line":24,"column":114}},"locations":[{"start":{"line":23,"column":10},"end":{"line":24,"column":114}}]},"12":{"type":"branch","line":25,"loc":{"start":{"line":25,"column":10},"end":{"line":26,"column":47}},"locations":[{"start":{"line":25,"column":10},"end":{"line":26,"column":47}}]},"13":{"type":"branch","line":27,"loc":{"start":{"line":27,"column":10},"end":{"line":28,"column":61}},"locations":[{"start":{"line":27,"column":10},"end":{"line":28,"column":61}}]}},"b":{"0":[13],"1":[3],"2":[10],"3":[7],"4":[3],"5":[1],"6":[5],"7":[18],"8":[15],"9":[5],"10":[2],"11":[4],"12":[4],"13":[0]},"fnMap":{"0":{"name":"getOutput","decl":{"start":{"line":3,"column":19},"end":{"line":11,"column":2}},"loc":{"start":{"line":3,"column":19},"end":{"line":11,"column":2}},"line":3},"1":{"name":"plain","decl":{"start":{"line":12,"column":15},"end":{"line":35,"column":2}},"loc":{"start":{"line":12,"column":15},"end":{"line":35,"column":2}},"line":12},"2":{"name":"iter","decl":{"start":{"line":13,"column":15},"end":{"line":32,"column":3}},"loc":{"start":{"line":13,"column":15},"end":{"line":32,"column":3}},"line":13}},"f":{"0":13,"1":1,"2":5}}
,"/home/kurama/frontend-project-46/src/formatters/stylishFormat.js": {"path":"/home/kurama/frontend-project-46/src/formatters/stylishFormat.js","all":false,"statementMap":{"0":{"start":{"line":1,"column":0},"end":{"line":1,"column":23}},"1":{"start":{"line":2,"column":0},"end":{"line":2,"column":0}},"2":{"start":{"line":3,"column":0},"end":{"line":3,"column":37}},"3":{"start":{"line":4,"column":0},"end":{"line":4,"column":33}},"4":{"start":{"line":5,"column":0},"end":{"line":5,"column":43}},"5":{"start":{"line":6,"column":0},"end":{"line":6,"column":27}},"6":{"start":{"line":7,"column":0},"end":{"line":7,"column":17}},"7":{"start":{"line":8,"column":0},"end":{"line":8,"column":5}},"8":{"start":{"line":9,"column":0},"end":{"line":9,"column":34}},"9":{"start":{"line":10,"column":0},"end":{"line":10,"column":93}},"10":{"start":{"line":11,"column":0},"end":{"line":11,"column":53}},"11":{"start":{"line":12,"column":0},"end":{"line":12,"column":4}},"12":{"start":{"line":13,"column":0},"end":{"line":13,"column":28}},"13":{"start":{"line":14,"column":0},"end":{"line":14,"column":2}},"14":{"start":{"line":15,"column":0},"end":{"line":15,"column":33}},"15":{"start":{"line":16,"column":0},"end":{"line":16,"column":33}},"16":{"start":{"line":17,"column":0},"end":{"line":17,"column":26}},"17":{"start":{"line":18,"column":0},"end":{"line":18,"column":56}},"18":{"start":{"line":19,"column":0},"end":{"line":19,"column":36}},"19":{"start":{"line":20,"column":0},"end":{"line":20,"column":26}},"20":{"start":{"line":21,"column":0},"end":{"line":21,"column":23}},"21":{"start":{"line":22,"column":0},"end":{"line":22,"column":73}},"22":{"start":{"line":23,"column":0},"end":{"line":23,"column":21}},"23":{"start":{"line":24,"column":0},"end":{"line":24,"column":73}},"24":{"start":{"line":25,"column":0},"end":{"line":25,"column":25}},"25":{"start":{"line":26,"column":0},"end":{"line":26,"column":73}},"26":{"start":{"line":27,"column":0},"end":{"line":27,"column":23}},"27":{"start":{"line":28,"column":0},"end":{"line":28,"column":134}},"28":{"start":{"line":29,"column":0},"end":{"line":29,"column":22}},"29":{"start":{"line":30,"column":0},"end":{"line":30,"column":72}},"30":{"start":{"line":31,"column":0},"end":{"line":31,"column":16}},"31":{"start":{"line":32,"column":0},"end":{"line":32,"column":59}},"32":{"start":{"line":33,"column":0},"end":{"line":33,"column":7}},"33":{"start":{"line":34,"column":0},"end":{"line":34,"column":7}},"34":{"start":{"line":35,"column":0},"end":{"line":35,"column":52}},"35":{"start":{"line":36,"column":0},"end":{"line":36,"column":4}},"36":{"start":{"line":37,"column":0},"end":{"line":37,"column":29}},"37":{"start":{"line":38,"column":0},"end":{"line":38,"column":2}},"38":{"start":{"line":39,"column":0},"end":{"line":39,"column":0}},"39":{"start":{"line":40,"column":0},"end":{"line":40,"column":23}}},"s":{"0":1,"1":1,"2":1,"3":54,"4":54,"5":54,"6":40,"7":40,"8":14,"9":14,"10":14,"11":54,"12":54,"13":54,"14":1,"15":2,"16":10,"17":10,"18":10,"19":36,"20":36,"21":4,"22":36,"23":10,"24":36,"25":6,"26":36,"27":8,"28":36,"29":8,"30":36,"31":0,"32":36,"33":10,"34":10,"35":2,"36":2,"37":2,"38":1,"39":1},"branchMap":{"0":{"type":"branch","line":3,"loc":{"start":{"line":3,"column":18},"end":{"line":14,"column":2}},"locations":[{"start":{"line":3,"column":18},"end":{"line":14,"column":2}}]},"1":{"type":"branch","line":4,"loc":{"start":{"line":4,"column":15},"end":{"line":12,"column":3}},"locations":[{"start":{"line":4,"column":15},"end":{"line":12,"column":3}}]},"2":{"type":"branch","line":6,"loc":{"start":{"line":6,"column":26},"end":{"line":8,"column":5}},"locations":[{"start":{"line":6,"column":26},"end":{"line":8,"column":5}}]},"3":{"type":"branch","line":8,"loc":{"start":{"line":8,"column":4},"end":{"line":12,"column":3}},"locations":[{"start":{"line":8,"column":4},"end":{"line":12,"column":3}}]},"4":{"type":"branch","line":10,"loc":{"start":{"line":10,"column":29},"end":{"line":10,"column":91}},"locations":[{"start":{"line":10,"column":29},"end":{"line":10,"column":91}}]},"5":{"type":"branch","line":15,"loc":{"start":{"line":15,"column":17},"end":{"line":38,"column":2}},"locations":[{"start":{"line":15,"column":17},"end":{"line":38,"column":2}}]},"6":{"type":"branch","line":16,"loc":{"start":{"line":16,"column":15},"end":{"line":36,"column":3}},"locations":[{"start":{"line":16,"column":15},"end":{"line":36,"column":3}}]},"7":{"type":"branch","line":19,"loc":{"start":{"line":19,"column":28},"end":{"line":34,"column":5}},"locations":[{"start":{"line":19,"column":28},"end":{"line":34,"column":5}}]},"8":{"type":"branch","line":21,"loc":{"start":{"line":21,"column":8},"end":{"line":22,"column":73}},"locations":[{"start":{"line":21,"column":8},"end":{"line":22,"column":73}}]},"9":{"type":"branch","line":23,"loc":{"start":{"line":23,"column":8},"end":{"line":24,"column":73}},"locations":[{"start":{"line":23,"column":8},"end":{"line":24,"column":73}}]},"10":{"type":"branch","line":25,"loc":{"start":{"line":25,"column":8},"end":{"line":26,"column":73}},"locations":[{"start":{"line":25,"column":8},"end":{"line":26,"column":73}}]},"11":{"type":"branch","line":27,"loc":{"start":{"line":27,"column":8},"end":{"line":28,"column":134}},"locations":[{"start":{"line":27,"column":8},"end":{"line":28,"column":134}}]},"12":{"type":"branch","line":29,"loc":{"start":{"line":29,"column":8},"end":{"line":30,"column":72}},"locations":[{"start":{"line":29,"column":8},"end":{"line":30,"column":72}}]},"13":{"type":"branch","line":31,"loc":{"start":{"line":31,"column":8},"end":{"line":32,"column":59}},"locations":[{"start":{"line":31,"column":8},"end":{"line":32,"column":59}}]}},"b":{"0":[54],"1":[54],"2":[40],"3":[14],"4":[18],"5":[2],"6":[10],"7":[36],"8":[4],"9":[10],"10":[6],"11":[8],"12":[8],"13":[0]},"fnMap":{"0":{"name":"stringify","decl":{"start":{"line":3,"column":18},"end":{"line":14,"column":2}},"loc":{"start":{"line":3,"column":18},"end":{"line":14,"column":2}},"line":3},"1":{"name":"iter","decl":{"start":{"line":4,"column":15},"end":{"line":12,"column":3}},"loc":{"start":{"line":4,"column":15},"end":{"line":12,"column":3}},"line":4},"2":{"name":"stylish","decl":{"start":{"line":15,"column":17},"end":{"line":38,"column":2}},"loc":{"start":{"line":15,"column":17},"end":{"line":38,"column":2}},"line":15},"3":{"name":"iter","decl":{"start":{"line":16,"column":15},"end":{"line":36,"column":3}},"loc":{"start":{"line":16,"column":15},"end":{"line":36,"column":3}},"line":16}},"f":{"0":54,"1":54,"2":2,"3":10}}
}
