TN:
SF:index.js
FNF:0
FNH:0
DA:1,1
DA:2,1
DA:3,1
LF:3
LH:3
BRF:0
BRH:0
end_of_record
TN:
SF:src/genDiff.js
FN:5,default
FNF:1
FNH:1
FNDA:4,default
DA:1,1
DA:2,1
DA:3,1
DA:4,1
DA:5,1
DA:6,4
DA:7,4
DA:8,4
DA:9,4
DA:10,4
LF:10
LH:10
BRDA:5,0,0,4
BRF:1
BRH:1
end_of_record
TN:
SF:src/parse.js
FN:5,getFullPath
FN:7,extractFileFormat
FN:9,getData
FN:17,parse
FNF:4
FNH:4
FNDA:8,getFullPath
FNDA:8,extractFileFormat
FNDA:8,getData
FNDA:8,parse
DA:1,1
DA:2,1
DA:3,1
DA:4,1
DA:5,1
DA:6,1
DA:7,1
DA:8,1
DA:9,1
DA:10,1
DA:11,1
DA:12,1
DA:13,1
DA:14,1
DA:15,1
DA:16,1
DA:17,1
DA:18,8
DA:19,8
DA:20,8
DA:21,8
DA:22,1
DA:23,1
LF:23
LH:23
BRDA:5,0,0,8
BRDA:7,1,0,8
BRDA:9,2,0,8
BRDA:17,3,0,8
BRF:4
BRH:4
end_of_record
TN:
SF:src/treeBuilder.js
FN:3,buildTree
FNF:1
FNH:1
FNDA:20,buildTree
DA:1,1
DA:2,1
DA:3,1
DA:4,20
DA:5,20
DA:6,20
DA:7,20
DA:8,72
DA:9,16
DA:10,16
DA:11,16
DA:12,16
DA:13,16
DA:14,72
DA:15,20
DA:16,72
DA:17,8
DA:18,72
DA:19,16
DA:20,16
DA:21,16
DA:22,16
DA:23,16
DA:24,16
DA:25,16
DA:26,12
DA:27,20
DA:28,20
DA:29,20
DA:30,20
DA:31,1
LF:31
LH:31
BRDA:3,0,0,20
BRDA:7,1,0,72
BRDA:8,2,0,24
BRDA:8,3,0,16
BRDA:14,4,0,56
BRDA:14,5,0,20
BRDA:16,6,0,36
BRDA:16,7,0,8
BRDA:18,8,0,28
BRDA:18,9,0,16
BRDA:25,10,0,12
BRF:11
BRH:11
end_of_record
TN:
SF:src/formatters/index.js
FN:11,formatter
FNF:1
FNH:1
FNDA:4,formatter
DA:1,1
DA:2,1
DA:3,1
DA:4,1
DA:5,1
DA:6,1
DA:7,1
DA:8,1
DA:9,1
DA:10,1
DA:11,1
DA:12,1
LF:12
LH:12
BRDA:11,0,0,4
BRF:1
BRH:1
end_of_record
TN:
SF:src/formatters/jsonFormat.js
FN:1,jsonFormat
FNF:1
FNH:1
FNDA:1,jsonFormat
DA:1,1
DA:2,1
DA:3,1
LF:3
LH:3
BRDA:1,0,0,1
BRF:1
BRH:1
end_of_record
TN:
SF:src/formatters/plainFormat.js
FN:3,getOutput
FN:12,plain
FN:13,iter
FNF:3
FNH:3
FNDA:13,getOutput
FNDA:1,plain
FNDA:5,iter
DA:1,1
DA:2,1
DA:3,1
DA:4,13
DA:5,3
DA:6,3
DA:7,13
DA:8,7
DA:9,7
DA:10,3
DA:11,3
DA:12,1
DA:13,1
DA:14,5
DA:15,5
DA:16,5
DA:17,15
DA:18,15
DA:19,15
DA:20,5
DA:21,15
DA:22,2
DA:23,15
DA:24,4
DA:25,15
DA:26,4
DA:27,15
DA:28,0
DA:29,15
DA:30,5
DA:31,5
DA:32,1
DA:33,1
DA:34,1
DA:35,1
DA:36,1
DA:37,1
LF:37
LH:36
BRDA:3,0,0,13
BRDA:4,1,0,3
BRDA:6,2,0,10
BRDA:7,3,0,7
BRDA:9,4,0,3
BRDA:12,5,0,1
BRDA:13,6,0,5
BRDA:15,7,0,18
BRDA:16,8,0,15
BRDA:19,9,0,5
BRDA:21,10,0,2
BRDA:23,11,0,4
BRDA:25,12,0,4
BRDA:27,13,0,0
BRF:14
BRH:13
end_of_record
TN:
SF:src/formatters/stylishFormat.js
FN:3,stringify
FN:4,iter
FN:15,stylish
FN:16,iter
FNF:4
FNH:4
FNDA:54,stringify
FNDA:54,iter
FNDA:2,stylish
FNDA:10,iter
DA:1,1
DA:2,1
DA:3,1
DA:4,54
DA:5,54
DA:6,54
DA:7,40
DA:8,40
DA:9,14
DA:10,14
DA:11,14
DA:12,54
DA:13,54
DA:14,54
DA:15,1
DA:16,2
DA:17,10
DA:18,10
DA:19,10
DA:20,36
DA:21,36
DA:22,4
DA:23,36
DA:24,10
DA:25,36
DA:26,6
DA:27,36
DA:28,8
DA:29,36
DA:30,8
DA:31,36
DA:32,0
DA:33,36
DA:34,10
DA:35,10
DA:36,2
DA:37,2
DA:38,2
DA:39,1
DA:40,1
LF:40
LH:39
BRDA:3,0,0,54
BRDA:4,1,0,54
BRDA:6,2,0,40
BRDA:8,3,0,14
BRDA:10,4,0,18
BRDA:15,5,0,2
BRDA:16,6,0,10
BRDA:19,7,0,36
BRDA:21,8,0,4
BRDA:23,9,0,10
BRDA:25,10,0,6
BRDA:27,11,0,8
BRDA:29,12,0,8
BRDA:31,13,0,0
BRF:14
BRH:13
end_of_record
